<?xml version="1.0" encoding="UTF-8"?>
<!-- Generated by org.testng.reporters.JUnitReportReporter -->
<testsuite hostname="LAPTOP-J4PLKC20" failures="0" tests="1" name="testClassPackage.Post_TC_1" time="3.944" errors="0" timestamp="2023-05-26T20:08:13 IST" skipped="0">
  <testcase classname="testClassPackage.Post_TC_1" name="execute" time="3.944"/>
  <system-out/>
</testsuite> <!-- testClassPackage.Post_TC_1 -->
