<?xml version="1.0" encoding="UTF-8"?>
<!-- Generated by org.testng.reporters.JUnitReportReporter -->
<testsuite hostname="LAPTOP-J4PLKC20" failures="0" tests="1" name="testClassPackage.Post_TC_3" time="1.304" errors="0" timestamp="2023-05-26T20:08:13 IST" skipped="0">
  <testcase classname="testClassPackage.Post_TC_3" name="execute" time="1.304"/>
  <system-out/>
</testsuite> <!-- testClassPackage.Post_TC_3 -->
